<?xml version="1.0" encoding="UTF-8"?>
<testsuite xmlns:xsi="http://www.w3.org/2001/XMLSchema-instance" xsi:noNamespaceSchemaLocation="https://maven.apache.org/surefire/maven-surefire-plugin/xsd/surefire-test-report.xsd" name="support.runtest" time="4.158" tests="6" errors="0" skipped="0" failures="0">
  <properties>
    <property name="java.specification.version" value="18"/>
    <property name="sun.cpu.isalist" value="amd64"/>
    <property name="sun.jnu.encoding" value="Cp1252"/>
    <property name="java.class.path" value="E:\QA\APIRest\target\test-classes;E:\QA\APIRest\target\classes;C:\Users\TATAJE\.m2\repository\junit\junit\4.13\junit-4.13.jar;C:\Users\TATAJE\.m2\repository\org\hamcrest\hamcrest-core\1.3\hamcrest-core-1.3.jar;C:\Users\TATAJE\.m2\repository\io\cucumber\cucumber-java\6.2.2\cucumber-java-6.2.2.jar;C:\Users\TATAJE\.m2\repository\io\cucumber\cucumber-core\6.2.2\cucumber-core-6.2.2.jar;C:\Users\TATAJE\.m2\repository\io\cucumber\cucumber-gherkin\6.2.2\cucumber-gherkin-6.2.2.jar;C:\Users\TATAJE\.m2\repository\io\cucumber\cucumber-gherkin-messages\6.2.2\cucumber-gherkin-messages-6.2.2.jar;C:\Users\TATAJE\.m2\repository\io\cucumber\messages\12.2.0\messages-12.2.0.jar;C:\Users\TATAJE\.m2\repository\io\cucumber\tag-expressions\3.0.0\tag-expressions-3.0.0.jar;C:\Users\TATAJE\.m2\repository\io\cucumber\cucumber-expressions\10.2.1\cucumber-expressions-10.2.1.jar;C:\Users\TATAJE\.m2\repository\io\cucumber\datatable\3.3.1\datatable-3.3.1.jar;C:\Users\TATAJE\.m2\repository\io\cucumber\cucumber-plugin\6.2.2\cucumber-plugin-6.2.2.jar;C:\Users\TATAJE\.m2\repository\io\cucumber\docstring\6.2.2\docstring-6.2.2.jar;C:\Users\TATAJE\.m2\repository\io\cucumber\html-formatter\7.0.0\html-formatter-7.0.0.jar;C:\Users\TATAJE\.m2\repository\org\apiguardian\apiguardian-api\1.1.0\apiguardian-api-1.1.0.jar;C:\Users\TATAJE\.m2\repository\io\cucumber\cucumber-junit\6.2.2\cucumber-junit-6.2.2.jar;C:\Users\TATAJE\.m2\repository\io\rest-assured\rest-assured\4.3.1\rest-assured-4.3.1.jar;C:\Users\TATAJE\.m2\repository\org\codehaus\groovy\groovy\3.0.3\groovy-3.0.3.jar;C:\Users\TATAJE\.m2\repository\org\codehaus\groovy\groovy-xml\3.0.3\groovy-xml-3.0.3.jar;C:\Users\TATAJE\.m2\repository\org\apache\httpcomponents\httpclient\4.5.3\httpclient-4.5.3.jar;C:\Users\TATAJE\.m2\repository\org\apache\httpcomponents\httpcore\4.4.6\httpcore-4.4.6.jar;C:\Users\TATAJE\.m2\repository\commons-logging\commons-logging\1.2\commons-logging-1.2.jar;C:\Users\TATAJE\.m2\repository\commons-codec\commons-codec\1.9\commons-codec-1.9.jar;C:\Users\TATAJE\.m2\repository\org\apache\httpcomponents\httpmime\4.5.3\httpmime-4.5.3.jar;C:\Users\TATAJE\.m2\repository\org\hamcrest\hamcrest\2.1\hamcrest-2.1.jar;C:\Users\TATAJE\.m2\repository\org\ccil\cowan\tagsoup\tagsoup\1.2.1\tagsoup-1.2.1.jar;C:\Users\TATAJE\.m2\repository\io\rest-assured\json-path\4.3.1\json-path-4.3.1.jar;C:\Users\TATAJE\.m2\repository\org\codehaus\groovy\groovy-json\3.0.3\groovy-json-3.0.3.jar;C:\Users\TATAJE\.m2\repository\io\rest-assured\rest-assured-common\4.3.1\rest-assured-common-4.3.1.jar;C:\Users\TATAJE\.m2\repository\io\rest-assured\xml-path\4.3.1\xml-path-4.3.1.jar;C:\Users\TATAJE\.m2\repository\org\apache\commons\commons-lang3\3.4\commons-lang3-3.4.jar;C:\Users\TATAJE\.m2\repository\jakarta\xml\bind\jakarta.xml.bind-api\2.3.3\jakarta.xml.bind-api-2.3.3.jar;C:\Users\TATAJE\.m2\repository\jakarta\activation\jakarta.activation-api\1.2.2\jakarta.activation-api-1.2.2.jar;C:\Users\TATAJE\.m2\repository\com\sun\xml\bind\jaxb-impl\2.3.3\jaxb-impl-2.3.3.jar;C:\Users\TATAJE\.m2\repository\com\fasterxml\jackson\core\jackson-databind\2.11.1\jackson-databind-2.11.1.jar;C:\Users\TATAJE\.m2\repository\com\fasterxml\jackson\core\jackson-annotations\2.11.1\jackson-annotations-2.11.1.jar;C:\Users\TATAJE\.m2\repository\com\fasterxml\jackson\core\jackson-core\2.11.1\jackson-core-2.11.1.jar;"/>
    <property name="java.vm.vendor" value="Oracle Corporation"/>
    <property name="sun.arch.data.model" value="64"/>
    <property name="user.variant" value=""/>
    <property name="java.vendor.url" value="https://java.oracle.com/"/>
    <property name="user.timezone" value="America/Lima"/>
    <property name="os.name" value="Windows 10"/>
    <property name="java.vm.specification.version" value="18"/>
    <property name="sun.java.launcher" value="SUN_STANDARD"/>
    <property name="user.country" value="PE"/>
    <property name="sun.boot.library.path" value="C:\Program Files\Java\jdk-18.0.1.1\bin"/>
    <property name="sun.java.command" value="C:\Users\TATAJE\AppData\Local\Temp\surefire6073858564906643287\surefirebooter10301370344456347205.jar C:\Users\TATAJE\AppData\Local\Temp\surefire6073858564906643287 2022-07-24T19-33-51_812-jvmRun1 surefire2290808590965500697tmp surefire_015336515268552848518tmp"/>
    <property name="jdk.debug" value="release"/>
    <property name="surefire.test.class.path" value="E:\QA\APIRest\target\test-classes;E:\QA\APIRest\target\classes;C:\Users\TATAJE\.m2\repository\junit\junit\4.13\junit-4.13.jar;C:\Users\TATAJE\.m2\repository\org\hamcrest\hamcrest-core\1.3\hamcrest-core-1.3.jar;C:\Users\TATAJE\.m2\repository\io\cucumber\cucumber-java\6.2.2\cucumber-java-6.2.2.jar;C:\Users\TATAJE\.m2\repository\io\cucumber\cucumber-core\6.2.2\cucumber-core-6.2.2.jar;C:\Users\TATAJE\.m2\repository\io\cucumber\cucumber-gherkin\6.2.2\cucumber-gherkin-6.2.2.jar;C:\Users\TATAJE\.m2\repository\io\cucumber\cucumber-gherkin-messages\6.2.2\cucumber-gherkin-messages-6.2.2.jar;C:\Users\TATAJE\.m2\repository\io\cucumber\messages\12.2.0\messages-12.2.0.jar;C:\Users\TATAJE\.m2\repository\io\cucumber\tag-expressions\3.0.0\tag-expressions-3.0.0.jar;C:\Users\TATAJE\.m2\repository\io\cucumber\cucumber-expressions\10.2.1\cucumber-expressions-10.2.1.jar;C:\Users\TATAJE\.m2\repository\io\cucumber\datatable\3.3.1\datatable-3.3.1.jar;C:\Users\TATAJE\.m2\repository\io\cucumber\cucumber-plugin\6.2.2\cucumber-plugin-6.2.2.jar;C:\Users\TATAJE\.m2\repository\io\cucumber\docstring\6.2.2\docstring-6.2.2.jar;C:\Users\TATAJE\.m2\repository\io\cucumber\html-formatter\7.0.0\html-formatter-7.0.0.jar;C:\Users\TATAJE\.m2\repository\org\apiguardian\apiguardian-api\1.1.0\apiguardian-api-1.1.0.jar;C:\Users\TATAJE\.m2\repository\io\cucumber\cucumber-junit\6.2.2\cucumber-junit-6.2.2.jar;C:\Users\TATAJE\.m2\repository\io\rest-assured\rest-assured\4.3.1\rest-assured-4.3.1.jar;C:\Users\TATAJE\.m2\repository\org\codehaus\groovy\groovy\3.0.3\groovy-3.0.3.jar;C:\Users\TATAJE\.m2\repository\org\codehaus\groovy\groovy-xml\3.0.3\groovy-xml-3.0.3.jar;C:\Users\TATAJE\.m2\repository\org\apache\httpcomponents\httpclient\4.5.3\httpclient-4.5.3.jar;C:\Users\TATAJE\.m2\repository\org\apache\httpcomponents\httpcore\4.4.6\httpcore-4.4.6.jar;C:\Users\TATAJE\.m2\repository\commons-logging\commons-logging\1.2\commons-logging-1.2.jar;C:\Users\TATAJE\.m2\repository\commons-codec\commons-codec\1.9\commons-codec-1.9.jar;C:\Users\TATAJE\.m2\repository\org\apache\httpcomponents\httpmime\4.5.3\httpmime-4.5.3.jar;C:\Users\TATAJE\.m2\repository\org\hamcrest\hamcrest\2.1\hamcrest-2.1.jar;C:\Users\TATAJE\.m2\repository\org\ccil\cowan\tagsoup\tagsoup\1.2.1\tagsoup-1.2.1.jar;C:\Users\TATAJE\.m2\repository\io\rest-assured\json-path\4.3.1\json-path-4.3.1.jar;C:\Users\TATAJE\.m2\repository\org\codehaus\groovy\groovy-json\3.0.3\groovy-json-3.0.3.jar;C:\Users\TATAJE\.m2\repository\io\rest-assured\rest-assured-common\4.3.1\rest-assured-common-4.3.1.jar;C:\Users\TATAJE\.m2\repository\io\rest-assured\xml-path\4.3.1\xml-path-4.3.1.jar;C:\Users\TATAJE\.m2\repository\org\apache\commons\commons-lang3\3.4\commons-lang3-3.4.jar;C:\Users\TATAJE\.m2\repository\jakarta\xml\bind\jakarta.xml.bind-api\2.3.3\jakarta.xml.bind-api-2.3.3.jar;C:\Users\TATAJE\.m2\repository\jakarta\activation\jakarta.activation-api\1.2.2\jakarta.activation-api-1.2.2.jar;C:\Users\TATAJE\.m2\repository\com\sun\xml\bind\jaxb-impl\2.3.3\jaxb-impl-2.3.3.jar;C:\Users\TATAJE\.m2\repository\com\fasterxml\jackson\core\jackson-databind\2.11.1\jackson-databind-2.11.1.jar;C:\Users\TATAJE\.m2\repository\com\fasterxml\jackson\core\jackson-annotations\2.11.1\jackson-annotations-2.11.1.jar;C:\Users\TATAJE\.m2\repository\com\fasterxml\jackson\core\jackson-core\2.11.1\jackson-core-2.11.1.jar;"/>
    <property name="sun.cpu.endian" value="little"/>
    <property name="user.home" value="C:\Users\TATAJE"/>
    <property name="user.language" value="es"/>
    <property name="java.specification.vendor" value="Oracle Corporation"/>
    <property name="java.version.date" value="2022-04-22"/>
    <property name="java.home" value="C:\Program Files\Java\jdk-18.0.1.1"/>
    <property name="file.separator" value="\"/>
    <property name="basedir" value="E:\QA\APIRest"/>
    <property name="java.vm.compressedOopsMode" value="Zero based"/>
    <property name="line.separator" value="&#10;"/>
    <property name="java.vm.specification.vendor" value="Oracle Corporation"/>
    <property name="java.specification.name" value="Java Platform API Specification"/>
    <property name="surefire.real.class.path" value="C:\Users\TATAJE\AppData\Local\Temp\surefire6073858564906643287\surefirebooter10301370344456347205.jar"/>
    <property name="user.script" value=""/>
    <property name="sun.management.compiler" value="HotSpot 64-Bit Tiered Compilers"/>
    <property name="java.runtime.version" value="18.0.1.1+2-6"/>
    <property name="user.name" value="TATAJE"/>
    <property name="path.separator" value=";"/>
    <property name="os.version" value="10.0"/>
    <property name="java.runtime.name" value="Java(TM) SE Runtime Environment"/>
    <property name="file.encoding" value="UTF-8"/>
    <property name="java.vm.name" value="Java HotSpot(TM) 64-Bit Server VM"/>
    <property name="localRepository" value="C:\Users\TATAJE\.m2\repository"/>
    <property name="java.vendor.url.bug" value="https://bugreport.java.com/bugreport/"/>
    <property name="java.io.tmpdir" value="C:\Users\TATAJE\AppData\Local\Temp\"/>
    <property name="idea.version" value="2022.1.2"/>
    <property name="java.version" value="18.0.1.1"/>
    <property name="user.dir" value="E:\QA\APIRest"/>
    <property name="os.arch" value="amd64"/>
    <property name="java.vm.specification.name" value="Java Virtual Machine Specification"/>
    <property name="sun.os.patch.level" value=""/>
    <property name="native.encoding" value="Cp1252"/>
    <property name="java.library.path" value="C:\Program Files\Java\jdk-18.0.1.1\bin;C:\Windows\Sun\Java\bin;C:\Windows\system32;C:\Windows;C:\Program Files\Eclipse Adoptium\jdk-11.0.15.10-hotspot\bin;C:\Program Files\Common Files\Oracle\Java\javapath;C:\Windows\system32;C:\Windows;C:\Windows\System32\Wbem;C:\Windows\System32\WindowsPowerShell\v1.0\;C:\Windows\System32\OpenSSH\;C:\Program Files\NVIDIA Corporation\NVIDIA NvDLISR;C:\Program Files (x86)\NVIDIA Corporation\PhysX\Common;C:\Program Files\dotnet\;C:\Program Files (x86)\Microsoft SQL Server\150\DTS\Binn\;C:\Program Files\Azure Data Studio\bin;C:\Program Files\Microsoft SQL Server\Client SDK\ODBC\170\Tools\Binn\;C:\Program Files (x86)\Microsoft SQL Server\150\Tools\Binn\;C:\Program Files\Microsoft SQL Server\150\Tools\Binn\;C:\Program Files\Microsoft SQL Server\150\DTS\Binn\;C:\Program Files\Microsoft SQL Server\130\Tools\Binn\;C:\Program Files\Git\cmd;C:\Program Files\nodejs\;C:\Program Files (x86)\dotnet\;C:\Users\TATAJE\AppData\Local\Programs\Python\Python310\Scripts\;C:\Users\TATAJE\AppData\Local\Programs\Python\Python310\;C:\Users\TATAJE\AppData\Local\Microsoft\WindowsApps;C:\Program Files\Azure Data Studio\bin;C:\Users\TATAJE\.dotnet\tools;C:\Users\TATAJE\AppData\Local\Programs\Microsoft VS Code\bin;C:\Users\TATAJE\AppData\Roaming\npm;C:\Program Files\Java\jdk-18.0.1.1\bin;C:\Program Files\JetBrains\IntelliJ IDEA Community Edition 2022.1.2\bin;;E:\xampp\php;C:\Users\TATAJE\AppData\Local\ComposerSetup\bin;C:\Users\TATAJE\AppData\Roaming\Composer\vendor\bin;C:\xampp\php;C:\Users\TATAJE\AppData\Local\GitHubDesktop\bin;."/>
    <property name="java.vm.info" value="mixed mode, sharing"/>
    <property name="java.vendor" value="Oracle Corporation"/>
    <property name="java.vm.version" value="18.0.1.1+2-6"/>
    <property name="sun.io.unicode.encoding" value="UnicodeLittle"/>
    <property name="java.class.version" value="62.0"/>
  </properties>
  <testcase name="Listar todos los usuarios" classname="Pruebas al servicio usuarios" time="1.428"/>
  <testcase name="Mostrar Usuario" classname="Pruebas al servicio usuarios" time="0.107"/>
  <testcase name="Usuario no registrado" classname="Pruebas al servicio usuarios" time="0.479"/>
  <testcase name="Crear usuario" classname="Pruebas al servicio usuarios" time="0.866"/>
  <testcase name="Actualizar usuario" classname="Pruebas al servicio usuarios" time="0.559"/>
  <testcase name="Actualizar usuario con patch" classname="Pruebas al servicio usuarios" time="0.425"/>
</testsuite>